Flow report for proj1
Thu Nov 10 16:42:40 2022
Quartus II 64-Bit Version 13.1.0 Build 162 10/23/2013 SJ Web Edition


---------------------
; Table of Contents ;
---------------------
  1. Legal Notice
  2. Flow Summary
  3. Flow Settings
  4. Flow Non-Default Global Settings
  5. Flow Elapsed Time
  6. Flow OS Summary
  7. Flow Log
  8. Flow Messages
  9. Flow Suppressed Messages



----------------
; Legal Notice ;
----------------
Copyright (C) 1991-2013 Altera Corporation
Your use of Altera Corporation's design tools, logic functions 
and other software and tools, and its AMPP partner logic 
functions, and any output files from any of the foregoing 
(including device programming or simulation files), and any 
associated documentation or information are expressly subject 
to the terms and conditions of the Altera Program License 
Subscription Agreement, Altera MegaCore Function License 
Agreement, or other applicable license agreement, including, 
without limitation, that your use is for the sole purpose of 
programming logic devices manufactured by Altera and sold by 
Altera or its authorized distributors.  Please refer to the 
applicable agreement for further details.



+---------------------------------------------------------------------------------+
; Flow Summary                                                                    ;
+------------------------------------+--------------------------------------------+
; Flow Status                        ; Successful - Thu Nov 10 16:42:40 2022      ;
; Quartus II 64-Bit Version          ; 13.1.0 Build 162 10/23/2013 SJ Web Edition ;
; Revision Name                      ; proj1                                      ;
; Top-level Entity Name              ; proj1                                      ;
; Family                             ; Cyclone IV GX                              ;
; Device                             ; EP4CGX30CF23C6                             ;
; Timing Models                      ; Final                                      ;
; Total logic elements               ; 0 / 29,440 ( 0 % )                         ;
;     Total combinational functions  ; 0 / 29,440 ( 0 % )                         ;
;     Dedicated logic registers      ; 0 / 29,440 ( 0 % )                         ;
; Total registers                    ; 0                                          ;
; Total pins                         ; 27 / 307 ( 9 % )                           ;
; Total virtual pins                 ; 0                                          ;
; Total memory bits                  ; 0 / 1,105,920 ( 0 % )                      ;
; Embedded Multiplier 9-bit elements ; 0 / 160 ( 0 % )                            ;
; Total GXB Receiver Channel PCS     ; 0 / 4 ( 0 % )                              ;
; Total GXB Receiver Channel PMA     ; 0 / 4 ( 0 % )                              ;
; Total GXB Transmitter Channel PCS  ; 0 / 4 ( 0 % )                              ;
; Total GXB Transmitter Channel PMA  ; 0 / 4 ( 0 % )                              ;
; Total PLLs                         ; 0 / 6 ( 0 % )                              ;
+------------------------------------+--------------------------------------------+


+-----------------------------------------+
; Flow Settings                           ;
+-------------------+---------------------+
; Option            ; Setting             ;
+-------------------+---------------------+
; Start date & time ; 11/10/2022 16:42:02 ;
; Main task         ; Compilation         ;
; Revision Name     ; proj1               ;
+-------------------+---------------------+


+----------------------------------------------------------------------------------------------------------------------+
; Flow Non-Default Global Settings                                                                                     ;
+-------------------------------------+---------------------------------+---------------+-------------+----------------+
; Assignment Name                     ; Value                           ; Default Value ; Entity Name ; Section Id     ;
+-------------------------------------+---------------------------------+---------------+-------------+----------------+
; COMPILER_SIGNATURE_ID               ; 172306917817815.166811652207716 ; --            ; --          ; --             ;
; EDA_OUTPUT_DATA_FORMAT              ; Verilog Hdl                     ; --            ; --          ; eda_simulation ;
; EDA_SIMULATION_TOOL                 ; ModelSim-Altera (Verilog)       ; <None>        ; --          ; --             ;
; MAX_CORE_JUNCTION_TEMP              ; 85                              ; --            ; --          ; --             ;
; MIN_CORE_JUNCTION_TEMP              ; 0                               ; --            ; --          ; --             ;
; NOMINAL_CORE_SUPPLY_VOLTAGE         ; 1.2V                            ; --            ; --          ; --             ;
; PARTITION_COLOR                     ; 16764057                        ; --            ; --          ; Top            ;
; PARTITION_FITTER_PRESERVATION_LEVEL ; PLACEMENT_AND_ROUTING           ; --            ; --          ; Top            ;
; PARTITION_NETLIST_TYPE              ; SOURCE                          ; --            ; --          ; Top            ;
; PROJECT_OUTPUT_DIRECTORY            ; output_files                    ; --            ; --          ; --             ;
+-------------------------------------+---------------------------------+---------------+-------------+----------------+


+-------------------------------------------------------------------------------------------------------------------------------+
; Flow Elapsed Time                                                                                                             ;
+---------------------------+--------------+-------------------------+---------------------+------------------------------------+
; Module Name               ; Elapsed Time ; Average Processors Used ; Peak Virtual Memory ; Total CPU Time (on all processors) ;
+---------------------------+--------------+-------------------------+---------------------+------------------------------------+
; Analysis & Synthesis      ; 00:00:05     ; 1.0                     ; 4672 MB             ; 00:00:04                           ;
; Fitter                    ; 00:00:16     ; 1.0                     ; 5077 MB             ; 00:00:15                           ;
; Assembler                 ; 00:00:05     ; 1.0                     ; 4633 MB             ; 00:00:05                           ;
; TimeQuest Timing Analyzer ; 00:00:04     ; 1.0                     ; 4653 MB             ; 00:00:03                           ;
; EDA Netlist Writer        ; 00:00:02     ; 1.0                     ; 4589 MB             ; 00:00:01                           ;
; Total                     ; 00:00:32     ; --                      ; --                  ; 00:00:28                           ;
+---------------------------+--------------+-------------------------+---------------------+------------------------------------+


+----------------------------------------------------------------------------------------+
; Flow OS Summary                                                                        ;
+---------------------------+------------------+-----------+------------+----------------+
; Module Name               ; Machine Hostname ; OS Name   ; OS Version ; Processor type ;
+---------------------------+------------------+-----------+------------+----------------+
; Analysis & Synthesis      ; DESKTOP-VT5BAQ6  ; Windows 7 ; 6.2        ; x86_64         ;
; Fitter                    ; DESKTOP-VT5BAQ6  ; Windows 7 ; 6.2        ; x86_64         ;
; Assembler                 ; DESKTOP-VT5BAQ6  ; Windows 7 ; 6.2        ; x86_64         ;
; TimeQuest Timing Analyzer ; DESKTOP-VT5BAQ6  ; Windows 7 ; 6.2        ; x86_64         ;
; EDA Netlist Writer        ; DESKTOP-VT5BAQ6  ; Windows 7 ; 6.2        ; x86_64         ;
+---------------------------+------------------+-----------+------------+----------------+


------------
; Flow Log ;
------------
quartus_map --read_settings_files=on --write_settings_files=off proj1 -c proj1
quartus_fit --read_settings_files=off --write_settings_files=off proj1 -c proj1
quartus_asm --read_settings_files=off --write_settings_files=off proj1 -c proj1
quartus_sta proj1 -c proj1
quartus_eda --read_settings_files=off --write_settings_files=off proj1 -c proj1



